[html.ditsolution.net/bioza/landing/index.html]
[backblue.gif]
[fade.gif]
[index.html]
[html.ditsolution.net/bioza/landing/assets/images/fav-icon/icon.png]
[html.ditsolution.net/bioza/landing/assets/css/bootstrap.min.css]
[html.ditsolution.net/bioza/landing/assets/css/owl.carousel.min.css]
[html.ditsolution.net/bioza/landing/assets/css/nivo-slider.css]
[html.ditsolution.net/bioza/landing/assets/css/animate.css]
[html.ditsolution.net/bioza/landing/assets/css/animated-text.css]
[html.ditsolution.net/bioza/landing/assets/css/all.min.css]
[html.ditsolution.net/bioza/landing/assets/css/flaticon.css]
[html.ditsolution.net/bioza/landing/assets/css/theme-default.css]
[html.ditsolution.net/bioza/landing/assets/css/meanmenu.min.css]
[html.ditsolution.net/bioza/landing/assets/css/font-awesome.min.css]
[html.ditsolution.net/bioza/landing/style.css]
[html.ditsolution.net/bioza/landing/assets/css/owl.transitions.css]
[html.ditsolution.net/bioza/landing/venobox/venobox.css]
[html.ditsolution.net/bioza/landing/assets/css/responsive.css]
[html.ditsolution.net/bioza/landing/assets/js/vendor/modernizr-3.5.0.min.js]
[html.ditsolution.net/bioza/landing/index-2.html]
[html.ditsolution.net/bioza/landing/assets/images/logo.png]
[html.ditsolution.net/bioza/landing/index-3.html]
[html.ditsolution.net/bioza/landing/assets/images/single.png]
[html.ditsolution.net/bioza/landing/assets/images/border.png]
[html.ditsolution.net/bioza/landing/assets/images/border2.png]
[html.ditsolution.net/bioza/landing/assets/images/br1.png]
[html.ditsolution.net/bioza/landing/assets/images/b4.png]
[html.ditsolution.net/bioza/landing/assets/images/br5.png]
[html.ditsolution.net/bioza/landing/assets/images/br2.png]
[html.ditsolution.net/bioza/landing/assets/images/p1.jpg]
[html.ditsolution.net/bioza/landing/assets/images/p2.jpg]
[html.ditsolution.net/bioza/landing/assets/images/p3.jpg]
[html.ditsolution.net/bioza/landing/assets/images/p4.jpg]
[html.ditsolution.net/bioza/landing/assets/images/p5.jpg]
[html.ditsolution.net/bioza/landing/assets/images/p6.jpg]
[html.ditsolution.net/bioza/landing/assets/images/tst1.png]
[html.ditsolution.net/bioza/landing/assets/images/quote.png]
[html.ditsolution.net/bioza/landing/assets/images/blog1.jpg]
[html.ditsolution.net/bioza/landing/blog-details.html]
[html.ditsolution.net/bioza/landing/assets/images/blog2.jpg]
[html.ditsolution.net/bioza/landing/assets/images/blog3.jpg]
[html.ditsolution.net/bioza/landing/assets/images/single2.png]
[html.ditsolution.net/bioza/landing/assets/js/vendor/jquery-3.2.1.min.js]
[html.ditsolution.net/bioza/landing/assets/js/bootstrap.min.js]
[html.ditsolution.net/bioza/landing/assets/js/owl.carousel.min.js]
[html.ditsolution.net/bioza/landing/assets/js/jquery.counterup.min.js]
[html.ditsolution.net/bioza/landing/assets/js/waypoints.min.js]
[html.ditsolution.net/bioza/landing/assets/js/wow.js]
[html.ditsolution.net/bioza/landing/assets/js/imagesloaded.pkgd.min.js]
[html.ditsolution.net/bioza/landing/venobox/venobox.js]
[html.ditsolution.net/bioza/landing/assets/js/ajax-mail.js]
[html.ditsolution.net/bioza/landing/assets/js/animated-text.js]
[html.ditsolution.net/bioza/landing/venobox/venobox.min.js]
[html.ditsolution.net/bioza/landing/assets/js/isotope.pkgd.min.js]
[html.ditsolution.net/bioza/landing/assets/js/jquery.nivo.slider.pack.js]
[html.ditsolution.net/bioza/landing/assets/js/jquery.meanmenu.js]
[html.ditsolution.net/bioza/landing/assets/js/popper.min.js]
[html.ditsolution.net/bioza/landing/assets/js/jquery.scrollUp.js]
[html.ditsolution.net/bioza/landing/assets/js/theme.js]
[html.ditsolution.net/bioza/landing/index.html]
[html.ditsolution.net/bioza/landing/assets/css/bootstrap.min.css]
[html.ditsolution.net/bioza/landing/assets/js/jquery.barfiller.js]
[html.ditsolution.net/bioza/landing/assets/css/owl.video.play.png]
[html.ditsolution.net/bioza/landing/assets/css/owl.carousel.min.css]
[html.ditsolution.net/bioza/landing/assets/css/nivo-slider.css]
[html.ditsolution.net/bioza/landing/assets/css/animate.css]
[html.ditsolution.net/bioza/landing/assets/css/animated-text.css]
[html.ditsolution.net/bioza/landing/assets/webfonts/fa-brands-400.woff2]
[html.ditsolution.net/bioza/landing/assets/css/all.min.css]
[html.ditsolution.net/bioza/landing/assets/css/flaticon.css]
[html.ditsolution.net/bioza/landing/assets/css/theme-default.css]
[html.ditsolution.net/bioza/landing/assets/css/meanmenu.min.css]
[html.ditsolution.net/bioza/landing/assets/css/font-awesome.min.css]
[html.ditsolution.net/bioza/landing/style.css]
[html.ditsolution.net/bioza/landing/assets/css/owl.transitions.css]
[html.ditsolution.net/bioza/landing/venobox/venobox.css]
[html.ditsolution.net/bioza/landing/assets/css/widget.css]
[html.ditsolution.net/bioza/landing/assets/css/responsive.css]
[html.ditsolution.net/bioza/landing/assets/js/vendor/modernizr-3.5.0.min.js]
[html.ditsolution.net/bioza/landing/index-2.html]
[html.ditsolution.net/bioza/landing/index-3.html]
[html.ditsolution.net/bioza/landing/blog-details.html]
[html.ditsolution.net/bioza/landing/assets/js/vendor/jquery-3.2.1.min.js]
[html.ditsolution.net/bioza/landing/popper.js]
[html.ditsolution.net/bioza/landing/assets/js/bootstrap.min.js]
[html.ditsolution.net/bioza/landing/assets/js/owl.carousel.min.js]
[html.ditsolution.net/bioza/landing/assets/js/jquery.counterup.min.js]
[html.ditsolution.net/bioza/landing/assets/js/waypoints.min.js]
[html.ditsolution.net/bioza/landing/assets/js/wow.js]
[html.ditsolution.net/bioza/landing/assets/js/imagesloaded.pkgd.min.js]
[html.ditsolution.net/bioza/landing/venobox/venobox.js]
[html.ditsolution.net/bioza/landing/assets/js/ajax-mail.js]
[html.ditsolution.net/bioza/landing/assets/js/animated-text.js]
[html.ditsolution.net/bioza/landing/venobox/venobox.min.js]
[html.ditsolution.net/bioza/landing/assets/js/isotope.pkgd.min.js]
[html.ditsolution.net/bioza/landing/assets/js/jquery.nivo.slider.pack.js]
[html.ditsolution.net/bioza/landing/assets/js/jquery.meanmenu.js]
[html.ditsolution.net/bioza/landing/assets/js/popper.min.js]
[html.ditsolution.net/bioza/landing/assets/js/jquery.scrollUp.js]
[html.ditsolution.net/bioza/landing/assets/js/theme.js]
[html.ditsolution.net/bioza/landing/assets/js/jquery.barfiller.js]
[html.ditsolution.net/bioza/landing/assets/css/owl.video.play.html]
[html.ditsolution.net/bioza/landing/assets/webfonts/fa-brands-400.html]
[html.ditsolution.net/bioza/landing/assets/webfonts/fa-regular-400.html]
[html.ditsolution.net/bioza/landing/assets/webfonts/fa-regular-401.html]
[html.ditsolution.net/bioza/landing/assets/webfonts/fa-solid-900.html]
[html.ditsolution.net/bioza/landing/assets/webfonts/fa-solid-901.html]
[html.ditsolution.net/bioza/landing/assets/webfonts/fa-v4compatibility.html]
[html.ditsolution.net/bioza/landing/assets/webfonts/fa-v4compatibility-2.html]
[html.ditsolution.net/bioza/landing/assets/fonts/Flaticon.html]
[html.ditsolution.net/bioza/landing/assets/fonts/Flaticon-2.html]
[html.ditsolution.net/bioza/landing/assets/fonts/fontawesome-webfont32953295.html]
[html.ditsolution.net/bioza/landing/assets/fonts/fontawesome-webfontd41dd41d.html]
[html.ditsolution.net/bioza/landing/assets/fonts/fontawesome-webfont32953295-2.html]
[html.ditsolution.net/bioza/landing/assets/fonts/fontawesome-webfont32953295-3.html]
[html.ditsolution.net/bioza/landing/assets/fonts/fontawesome-webfont32953295-4.html]
[html.ditsolution.net/bioza/landing/assets/fonts/fontawesome-webfont32953295-5.html]
[html.ditsolution.net/bioza/landing/assets/images/hero.html]
[html.ditsolution.net/bioza/landing/assets/images/hero-bg2.html]
[html.ditsolution.net/bioza/landing/assets/images/bg.html]
[html.ditsolution.net/bioza/landing/venobox/preload-circle.html]
[html.ditsolution.net/bioza/landing/venobox/close.html]
[html.ditsolution.net/bioza/landing/venobox/prev.html]
[html.ditsolution.net/bioza/landing/venobox/next.html]
[html.ditsolution.net/bioza/landing/assets/js/silik-slider.html]
[html.ditsolution.net/bioza/landing/assets/images/bd1.html]
[html.ditsolution.net/bioza/landing/assets/images/blog_1.html]
[html.ditsolution.net/bioza/landing/assets/images/blog_2.html]
[html.ditsolution.net/bioza/landing/assets/images/blog_3.html]
[html.ditsolution.net/bioza/landing/popper.html]
